#
# There is insufficient memory for the Java Runtime Environment to continue.
# Native memory allocation (malloc) failed to allocate 1048576 bytes for AllocateHeap
# Possible reasons:
#   The system is out of physical RAM or swap space
#   The process is running with CompressedOops enabled, and the Java Heap may be blocking the growth of the native heap
# Possible solutions:
#   Reduce memory load on the system
#   Increase physical memory or swap space
#   Check if swap backing store is full
#   Decrease Java heap size (-Xmx/-Xms)
#   Decrease number of Java threads
#   Decrease Java thread stack sizes (-Xss)
#   Set larger code cache with -XX:ReservedCodeCacheSize=
#   JVM is running with Zero Based Compressed Oops mode in which the Java heap is
#     placed in the first 32GB address space. The Java Heap base address is the
#     maximum limit for the native heap growth. Please use -XX:HeapBaseMinAddress
#     to set the Java Heap base and to place the Java Heap above 32GB virtual address.
# This output file may be truncated or incomplete.
#
#  Out of Memory Error (memory/allocation.inline.hpp:63), pid=20716, tid=20528
#
# JRE version: Java(TM) SE Runtime Environment (10.0.2+13) (build 10.0.2+13)
# Java VM: Java HotSpot(TM) 64-Bit Server VM (10.0.2+13, mixed mode, tiered, compressed oops, g1 gc, windows-amd64)
# No core dump will be written. Minidumps are not enabled by default on client versions of Windows
#

---------------  S U M M A R Y ------------

Command Line: -Dfile.encoding=Cp1252 Runner.CustomerRunner

Host: Intel(R) Core(TM) i7-7820HQ CPU @ 2.90GHz, 8 cores, 31G,  Windows 10 , 64 bit Build 17134 (10.0.17134.1)
Time: Wed Oct 17 09:58:50 2018 Central Daylight Time elapsed time: 0 seconds (0d 0h 0m 0s)

---------------  T H R E A D  ---------------

Current thread (0x000001b8a5011800):  VMThread "VM Thread" [stack: 0x0000002fc1400000,0x0000002fc1500000] [id=20528]

Stack: [0x0000002fc1400000,0x0000002fc1500000]
[error occurred during error reporting (printing stack bounds), id 0xe0000001]

Native frames: (J=compiled Java code, j=interpreted, Vv=VM code, C=native code)
V  [jvm.dll+0x5a01a9]
V  [jvm.dll+0x6bcf31]
V  [jvm.dll+0x6be126]
V  [jvm.dll+0x6be715]
V  [jvm.dll+0x6be6cb]
V  [jvm.dll+0x59f993]
V  [jvm.dll+0x59fda8]
C  [ntdll.dll+0x9ed2d]
C  [ntdll.dll+0x6c86]
C  [ntdll.dll+0x9dc5e]
C  0x000001b880000ead

VM_Operation (0x0000002fbfffed80): CollectForMetadataAllocation, mode: safepoint, requested by thread 0x000001b8f87c5800


---------------  P R O C E S S  ---------------

Threads class SMR info:
_java_thread_list=0x000001b8a51bdff0, length=12, elements={
0x000001b8f87c5800, 0x000001b8a501d000, 0x000001b8a502c000, 0x000001b8a5037800,
0x000001b8a5038000, 0x000001b8a503d000, 0x000001b8a503f800, 0x000001b8a5044000,
0x000001b8a5047000, 0x000001b8a5056800, 0x000001b8a523d000, 0x000001b8a51e7000
}

Java Threads: ( => current thread )
  0x000001b8f87c5800 JavaThread "main" [_thread_blocked, id=20632, stack(0x0000002fbff00000,0x0000002fc0000000)]
  0x000001b8a501d000 JavaThread "Reference Handler" daemon [_thread_blocked, id=21164, stack(0x0000002fc1500000,0x0000002fc1600000)]
  0x000001b8a502c000 JavaThread "Finalizer" daemon [_thread_blocked, id=21152, stack(0x0000002fc1600000,0x0000002fc1700000)]
  0x000001b8a5037800 JavaThread "Signal Dispatcher" daemon [_thread_blocked, id=21156, stack(0x0000002fc1700000,0x0000002fc1800000)]
  0x000001b8a5038000 JavaThread "Attach Listener" daemon [_thread_blocked, id=21160, stack(0x0000002fc1800000,0x0000002fc1900000)]
  0x000001b8a503d000 JavaThread "C2 CompilerThread0" daemon [_thread_blocked, id=21188, stack(0x0000002fc1900000,0x0000002fc1a00000)]
  0x000001b8a503f800 JavaThread "C2 CompilerThread1" daemon [_thread_blocked, id=21184, stack(0x0000002fc1a00000,0x0000002fc1b00000)]
  0x000001b8a5044000 JavaThread "C2 CompilerThread2" daemon [_thread_blocked, id=21180, stack(0x0000002fc1b00000,0x0000002fc1c00000)]
  0x000001b8a5047000 JavaThread "C1 CompilerThread3" daemon [_thread_blocked, id=21144, stack(0x0000002fc1c00000,0x0000002fc1d00000)]
  0x000001b8a5056800 JavaThread "Sweeper thread" daemon [_thread_blocked, id=15504, stack(0x0000002fc1d00000,0x0000002fc1e00000)]
  0x000001b8a523d000 JavaThread "Service Thread" daemon [_thread_blocked, id=20564, stack(0x0000002fc1e00000,0x0000002fc1f00000)]
  0x000001b8a51e7000 JavaThread "Common-Cleaner" daemon [_thread_blocked, id=14704, stack(0x0000002fc1f00000,0x0000002fc2000000)]

Other Threads:
=>0x000001b8a5011800 VMThread "VM Thread" [stack: 0x0000002fc1400000,0x0000002fc1500000] [id=20528]
  0x000001b8a51e8000 WatcherThread [stack: 0x0000002fc2000000,0x0000002fc2100000] [id=8248]
  0x000001b8f87db800 GCTaskThread "GC Thread#0" [stack: 0x0000002fc0000000,0x0000002fc0100000] [id=20920]
  0x000001b8f87dc800 GCTaskThread "GC Thread#1" [stack: 0x0000002fc0100000,0x0000002fc0200000] [id=20496]
  0x000001b8f87de800 GCTaskThread "GC Thread#2" [stack: 0x0000002fc0200000,0x0000002fc0300000] [id=20552]
  0x000001b8f87e5800 GCTaskThread "GC Thread#3" [stack: 0x0000002fc0300000,0x0000002fc0400000] [id=13524]
  0x000001b8f87f6000 GCTaskThread "GC Thread#4" [stack: 0x0000002fc0400000,0x0000002fc0500000] [id=20668]
  0x000001b8f87f0800 GCTaskThread "GC Thread#5" [stack: 0x0000002fc0500000,0x0000002fc0600000] [id=20652]
  0x000001b8f87f1800 GCTaskThread "GC Thread#6" [stack: 0x0000002fc0600000,0x0000002fc0700000] [id=21112]
  0x000001b8f87ef800 GCTaskThread "GC Thread#7" [stack: 0x0000002fc0700000,0x0000002fc0800000] [id=21132]
  0x000001b8f8870800 ConcurrentGCThread "G1 Main Marker" [stack: 0x0000002fc0800000,0x0000002fc0900000] [id=21140]
  0x000001b8f87f0000 ConcurrentGCThread "G1 Conc#0" [stack: 0x0000002fc0900000,0x0000002fc0a00000] [id=21148]
  0x000001b8f87f2800 ConcurrentGCThread "G1 Conc#1" [stack: 0x0000002fc0a00000,0x0000002fc0b00000] [id=21040]
  0x000001b8a23f0000 ConcurrentGCThread "G1 Refine#0" [stack: 0x0000002fc0b00000,0x0000002fc0c00000] [id=20916]
  0x000001b8a23f2000 ConcurrentGCThread "G1 Refine#1" [stack: 0x0000002fc0c00000,0x0000002fc0d00000] [id=21168]
  0x000001b8a23f3000 ConcurrentGCThread "G1 Refine#2" [stack: 0x0000002fc0d00000,0x0000002fc0e00000] [id=20396]
  0x000001b8a23f4000 ConcurrentGCThread "G1 Refine#3" [stack: 0x0000002fc0e00000,0x0000002fc0f00000] [id=21496]
  0x000001b8a4ea8800 ConcurrentGCThread "G1 Refine#4" [stack: 0x0000002fc0f00000,0x0000002fc1000000] [id=20516]
  0x000001b8a23f9000 ConcurrentGCThread "G1 Refine#5" [stack: 0x0000002fc1000000,0x0000002fc1100000] [id=21100]
  0x000001b8a4eb2000 ConcurrentGCThread "G1 Refine#6" [stack: 0x0000002fc1100000,0x0000002fc1200000] [id=21104]
  0x000001b8a23fc000 ConcurrentGCThread "G1 Refine#7" [stack: 0x0000002fc1200000,0x0000002fc1300000] [id=8496]
  0x000001b8a23fc800 ConcurrentGCThread "G1 Young RemSet Sampling" [stack: 0x0000002fc1300000,0x0000002fc1400000] [id=20540]

Threads with active compile tasks:

VM state:at safepoint (normal execution)

VM Mutex/Monitor currently owned by a thread:  ([mutex/lock_event])
[0x000001b8f87c2950] Threads_lock - owner thread: 0x000001b8a5011800
[0x000001b8f87c3910] Heap_lock - owner thread: 0x000001b8f87c5800

Heap address: 0x00000005c2200000, size: 8158 MB, Compressed Oops mode: Zero based, Oop shift amount: 3
Narrow klass base: 0x0000000000000000, Narrow klass shift: 3
Compressed class space size: 1073741824 Address: 0x00000007c0000000

Heap:
 garbage-first heap   total 522240K, used 966K [0x00000005c2200000, 0x00000007c0000000)
  region size 2048K, 1 young (2048K), 1 survivors (2048K)
 Metaspace       used 5262K, capacity 5301K, committed 5376K, reserved 1077248K
  class space    used 484K, capacity 512K, committed 512K, reserved 1048576K
Heap Regions: E=young(eden), S=young(survivor), O=old, HS=humongous(starts), HC=humongous(continues), CS=collection set, F=free, A=archive, TS=gc time stamp, AC=allocation context, TAMS=top-at-mark-start (previous, next)
|   0|0x00000005c2200000, 0x00000005c2200000, 0x00000005c2400000|  0%| F|  |TS  0|AC  0|TAMS 0x00000005c2200000, 0x00000005c2200000|
|   1|0x00000005c2400000, 0x00000005c2400000, 0x00000005c2600000|  0%| F|  |TS  0|AC  0|TAMS 0x00000005c2400000, 0x00000005c2400000|
|   2|0x00000005c2600000, 0x00000005c2600000, 0x00000005c2800000|  0%| F|  |TS  0|AC  0|TAMS 0x00000005c2600000, 0x00000005c2600000|
|   3|0x00000005c2800000, 0x00000005c2800000, 0x00000005c2a00000|  0%| F|  |TS  0|AC  0|TAMS 0x00000005c2800000, 0x00000005c2800000|
|   4|0x00000005c2a00000, 0x00000005c2a00000, 0x00000005c2c00000|  0%| F|  |TS  0|AC  0|TAMS 0x00000005c2a00000, 0x00000005c2a00000|
|   5|0x00000005c2c00000, 0x00000005c2c00000, 0x00000005c2e00000|  0%| F|  |TS  0|AC  0|TAMS 0x00000005c2c00000, 0x00000005c2c00000|
|   6|0x00000005c2e00000, 0x00000005c2e00000, 0x00000005c3000000|  0%| F|  |TS  0|AC  0|TAMS 0x00000005c2e00000, 0x00000005c2e00000|
|   7|0x00000005c3000000, 0x00000005c3000000, 0x00000005c3200000|  0%| F|  |TS  0|AC  0|TAMS 0x00000005c3000000, 0x00000005c3000000|
|   8|0x00000005c3200000, 0x00000005c3200000, 0x00000005c3400000|  0%| F|  |TS  0|AC  0|TAMS 0x00000005c3200000, 0x00000005c3200000|
|   9|0x00000005c3400000, 0x00000005c3400000, 0x00000005c3600000|  0%| F|  |TS  0|AC  0|TAMS 0x00000005c3400000, 0x00000005c3400000|
|  10|0x00000005c3600000, 0x00000005c3600000, 0x00000005c3800000|  0%| F|  |TS  0|AC  0|TAMS 0x00000005c3600000, 0x00000005c3600000|
|  11|0x00000005c3800000, 0x00000005c3800000, 0x00000005c3a00000|  0%| F|  |TS  0|AC  0|TAMS 0x00000005c3800000, 0x00000005c3800000|
|  12|0x00000005c3a00000, 0x00000005c3a00000, 0x00000005c3c00000|  0%| F|  |TS  0|AC  0|TAMS 0x00000005c3a00000, 0x00000005c3a00000|
|  13|0x00000005c3c00000, 0x00000005c3c00000, 0x00000005c3e00000|  0%| F|  |TS  0|AC  0|TAMS 0x00000005c3c00000, 0x00000005c3c00000|
|  14|0x00000005c3e00000, 0x00000005c3e00000, 0x00000005c4000000|  0%| F|  |TS  0|AC  0|TAMS 0x00000005c3e00000, 0x00000005c3e00000|
|  15|0x00000005c4000000, 0x00000005c4000000, 0x00000005c4200000|  0%| F|  |TS  0|AC  0|TAMS 0x00000005c4000000, 0x00000005c4000000|
|  16|0x00000005c4200000, 0x00000005c4200000, 0x00000005c4400000|  0%| F|  |TS  0|AC  0|TAMS 0x00000005c4200000, 0x00000005c4200000|
|  17|0x00000005c4400000, 0x00000005c4400000, 0x00000005c4600000|  0%| F|  |TS  0|AC  0|TAMS 0x00000005c4400000, 0x00000005c4400000|
|  18|0x00000005c4600000, 0x00000005c4600000, 0x00000005c4800000|  0%| F|  |TS  0|AC  0|TAMS 0x00000005c4600000, 0x00000005c4600000|
|  19|0x00000005c4800000, 0x00000005c4800000, 0x00000005c4a00000|  0%| F|  |TS  0|AC  0|TAMS 0x00000005c4800000, 0x00000005c4800000|
|  20|0x00000005c4a00000, 0x00000005c4a00000, 0x00000005c4c00000|  0%| F|  |TS  0|AC  0|TAMS 0x00000005c4a00000, 0x00000005c4a00000|
|  21|0x00000005c4c00000, 0x00000005c4c00000, 0x00000005c4e00000|  0%| F|  |TS  0|AC  0|TAMS 0x00000005c4c00000, 0x00000005c4c00000|
|  22|0x00000005c4e00000, 0x00000005c4e00000, 0x00000005c5000000|  0%| F|  |TS  0|AC  0|TAMS 0x00000005c4e00000, 0x00000005c4e00000|
|  23|0x00000005c5000000, 0x00000005c5000000, 0x00000005c5200000|  0%| F|  |TS  0|AC  0|TAMS 0x00000005c5000000, 0x00000005c5000000|
|  24|0x00000005c5200000, 0x00000005c5200000, 0x00000005c5400000|  0%| F|  |TS  0|AC  0|TAMS 0x00000005c5200000, 0x00000005c5200000|
|  25|0x00000005c5400000, 0x00000005c5400000, 0x00000005c5600000|  0%| F|  |TS  0|AC  0|TAMS 0x00000005c5400000, 0x00000005c5400000|
|  26|0x00000005c5600000, 0x00000005c5600000, 0x00000005c5800000|  0%| F|  |TS  0|AC  0|TAMS 0x00000005c5600000, 0x00000005c5600000|
|  27|0x00000005c5800000, 0x00000005c5800000, 0x00000005c5a00000|  0%| F|  |TS  0|AC  0|TAMS 0x00000005c5800000, 0x00000005c5800000|
|  28|0x00000005c5a00000, 0x00000005c5a00000, 0x00000005c5c00000|  0%| F|  |TS  0|AC  0|TAMS 0x00000005c5a00000, 0x00000005c5a00000|
|  29|0x00000005c5c00000, 0x00000005c5c00000, 0x00000005c5e00000|  0%| F|  |TS  0|AC  0|TAMS 0x00000005c5c00000, 0x00000005c5c00000|
|  30|0x00000005c5e00000, 0x00000005c5e00000, 0x00000005c6000000|  0%| F|  |TS  0|AC  0|TAMS 0x00000005c5e00000, 0x00000005c5e00000|
|  31|0x00000005c6000000, 0x00000005c6000000, 0x00000005c6200000|  0%| F|  |TS  0|AC  0|TAMS 0x00000005c6000000, 0x00000005c6000000|
|  32|0x00000005c6200000, 0x00000005c6200000, 0x00000005c6400000|  0%| F|  |TS  0|AC  0|TAMS 0x00000005c6200000, 0x00000005c6200000|
|  33|0x00000005c6400000, 0x00000005c6400000, 0x00000005c6600000|  0%| F|  |TS  0|AC  0|TAMS 0x00000005c6400000, 0x00000005c6400000|
|  34|0x00000005c6600000, 0x00000005c6600000, 0x00000005c6800000|  0%| F|  |TS  0|AC  0|TAMS 0x00000005c6600000, 0x00000005c6600000|
|  35|0x00000005c6800000, 0x00000005c6800000, 0x00000005c6a00000|  0%| F|  |TS  0|AC  0|TAMS 0x00000005c6800000, 0x00000005c6800000|
|  36|0x00000005c6a00000, 0x00000005c6a00000, 0x00000005c6c00000|  0%| F|  |TS  0|AC  0|TAMS 0x00000005c6a00000, 0x00000005c6a00000|
|  37|0x00000005c6c00000, 0x00000005c6c00000, 0x00000005c6e00000|  0%| F|  |TS  0|AC  0|TAMS 0x00000005c6c00000, 0x00000005c6c00000|
|  38|0x00000005c6e00000, 0x00000005c6e00000, 0x00000005c7000000|  0%| F|  |TS  0|AC  0|TAMS 0x00000005c6e00000, 0x00000005c6e00000|
|  39|0x00000005c7000000, 0x00000005c7000000, 0x00000005c7200000|  0%| F|  |TS  0|AC  0|TAMS 0x00000005c7000000, 0x00000005c7000000|
|  40|0x00000005c7200000, 0x00000005c7200000, 0x00000005c7400000|  0%| F|  |TS  0|AC  0|TAMS 0x00000005c7200000, 0x00000005c7200000|
|  41|0x00000005c7400000, 0x00000005c7400000, 0x00000005c7600000|  0%| F|  |TS  0|AC  0|TAMS 0x00000005c7400000, 0x00000005c7400000|
|  42|0x00000005c7600000, 0x00000005c7600000, 0x00000005c7800000|  0%| F|  |TS  0|AC  0|TAMS 0x00000005c7600000, 0x00000005c7600000|
|  43|0x00000005c7800000, 0x00000005c7800000, 0x00000005c7a00000|  0%| F|  |TS  0|AC  0|TAMS 0x00000005c7800000, 0x00000005c7800000|
|  44|0x00000005c7a00000, 0x00000005c7a00000, 0x00000005c7c00000|  0%| F|  |TS  0|AC  0|TAMS 0x00000005c7a00000, 0x00000005c7a00000|
|  45|0x00000005c7c00000, 0x00000005c7c00000, 0x00000005c7e00000|  0%| F|  |TS  0|AC  0|TAMS 0x00000005c7c00000, 0x00000005c7c00000|
|  46|0x00000005c7e00000, 0x00000005c7e00000, 0x00000005c8000000|  0%| F|  |TS  0|AC  0|TAMS 0x00000005c7e00000, 0x00000005c7e00000|
|  47|0x00000005c8000000, 0x00000005c8000000, 0x00000005c8200000|  0%| F|  |TS  0|AC  0|TAMS 0x00000005c8000000, 0x00000005c8000000|
|  48|0x00000005c8200000, 0x00000005c8200000, 0x00000005c8400000|  0%| F|  |TS  0|AC  0|TAMS 0x00000005c8200000, 0x00000005c8200000|
|  49|0x00000005c8400000, 0x00000005c8400000, 0x00000005c8600000|  0%| F|  |TS  0|AC  0|TAMS 0x00000005c8400000, 0x00000005c8400000|
|  50|0x00000005c8600000, 0x00000005c8600000, 0x00000005c8800000|  0%| F|  |TS  0|AC  0|TAMS 0x00000005c8600000, 0x00000005c8600000|
|  51|0x00000005c8800000, 0x00000005c8800000, 0x00000005c8a00000|  0%| F|  |TS  0|AC  0|TAMS 0x00000005c8800000, 0x00000005c8800000|
|  52|0x00000005c8a00000, 0x00000005c8a00000, 0x00000005c8c00000|  0%| F|  |TS  0|AC  0|TAMS 0x00000005c8a00000, 0x00000005c8a00000|
|  53|0x00000005c8c00000, 0x00000005c8c00000, 0x00000005c8e00000|  0%| F|  |TS  0|AC  0|TAMS 0x00000005c8c00000, 0x00000005c8c00000|
|  54|0x00000005c8e00000, 0x00000005c8e00000, 0x00000005c9000000|  0%| F|  |TS  0|AC  0|TAMS 0x00000005c8e00000, 0x00000005c8e00000|
|  55|0x00000005c9000000, 0x00000005c9000000, 0x00000005c9200000|  0%| F|  |TS  0|AC  0|TAMS 0x00000005c9000000, 0x00000005c9000000|
|  56|0x00000005c9200000, 0x00000005c9200000, 0x00000005c9400000|  0%| F|  |TS  0|AC  0|TAMS 0x00000005c9200000, 0x00000005c9200000|
|  57|0x00000005c9400000, 0x00000005c9400000, 0x00000005c9600000|  0%| F|  |TS  0|AC  0|TAMS 0x00000005c9400000, 0x00000005c9400000|
|  58|0x00000005c9600000, 0x00000005c9600000, 0x00000005c9800000|  0%| F|  |TS  0|AC  0|TAMS 0x00000005c9600000, 0x00000005c9600000|
|  59|0x00000005c9800000, 0x00000005c9800000, 0x00000005c9a00000|  0%| F|  |TS  0|AC  0|TAMS 0x00000005c9800000, 0x00000005c9800000|
|  60|0x00000005c9a00000, 0x00000005c9a00000, 0x00000005c9c00000|  0%| F|  |TS  0|AC  0|TAMS 0x00000005c9a00000, 0x00000005c9a00000|
|  61|0x00000005c9c00000, 0x00000005c9c00000, 0x00000005c9e00000|  0%| F|  |TS  0|AC  0|TAMS 0x00000005c9c00000, 0x00000005c9c00000|
|  62|0x00000005c9e00000, 0x00000005c9e00000, 0x00000005ca000000|  0%| F|  |TS  0|AC  0|TAMS 0x00000005c9e00000, 0x00000005c9e00000|
|  63|0x00000005ca000000, 0x00000005ca000000, 0x00000005ca200000|  0%| F|  |TS  0|AC  0|TAMS 0x00000005ca000000, 0x00000005ca000000|
|  64|0x00000005ca200000, 0x00000005ca200000, 0x00000005ca400000|  0%| F|  |TS  0|AC  0|TAMS 0x00000005ca200000, 0x00000005ca200000|
|  65|0x00000005ca400000, 0x00000005ca400000, 0x00000005ca600000|  0%| F|  |TS  0|AC  0|TAMS 0x00000005ca400000, 0x00000005ca400000|
|  66|0x00000005ca600000, 0x00000005ca600000, 0x00000005ca800000|  0%| F|  |TS  0|AC  0|TAMS 0x00000005ca600000, 0x00000005ca600000|
|  67|0x00000005ca800000, 0x00000005ca800000, 0x00000005caa00000|  0%| F|  |TS  0|AC  0|TAMS 0x00000005ca800000, 0x00000005ca800000|
|  68|0x00000005caa00000, 0x00000005caa00000, 0x00000005cac00000|  0%| F|  |TS  0|AC  0|TAMS 0x00000005caa00000, 0x00000005caa00000|
|  69|0x00000005cac00000, 0x00000005cac00000, 0x00000005cae00000|  0%| F|  |TS  0|AC  0|TAMS 0x00000005cac00000, 0x00000005cac00000|
|  70|0x00000005cae00000, 0x00000005cae00000, 0x00000005cb000000|  0%| F|  |TS  0|AC  0|TAMS 0x00000005cae00000, 0x00000005cae00000|
|  71|0x00000005cb000000, 0x00000005cb000000, 0x00000005cb200000|  0%| F|  |TS  0|AC  0|TAMS 0x00000005cb000000, 0x00000005cb000000|
|  72|0x00000005cb200000, 0x00000005cb200000, 0x00000005cb400000|  0%| F|  |TS  0|AC  0|TAMS 0x00000005cb200000, 0x00000005cb200000|
|  73|0x00000005cb400000, 0x00000005cb400000, 0x00000005cb600000|  0%| F|  |TS  0|AC  0|TAMS 0x00000005cb400000, 0x00000005cb400000|
|  74|0x00000005cb600000, 0x00000005cb600000, 0x00000005cb800000|  0%| F|  |TS  0|AC  0|TAMS 0x00000005cb600000, 0x00000005cb600000|
|  75|0x00000005cb800000, 0x00000005cb800000, 0x00000005cba00000|  0%| F|  |TS  0|AC  0|TAMS 0x00000005cb800000, 0x00000005cb800000|
|  76|0x00000005cba00000, 0x00000005cba00000, 0x00000005cbc00000|  0%| F|  |TS  0|AC  0|TAMS 0x00000005cba00000, 0x00000005cba00000|
|  77|0x00000005cbc00000, 0x00000005cbc00000, 0x00000005cbe00000|  0%| F|  |TS  0|AC  0|TAMS 0x00000005cbc00000, 0x00000005cbc00000|
|  78|0x00000005cbe00000, 0x00000005cbe00000, 0x00000005cc000000|  0%| F|  |TS  0|AC  0|TAMS 0x00000005cbe00000, 0x00000005cbe00000|
|  79|0x00000005cc000000, 0x00000005cc000000, 0x00000005cc200000|  0%| F|  |TS  0|AC  0|TAMS 0x00000005cc000000, 0x00000005cc000000|
|  80|0x00000005cc200000, 0x00000005cc200000, 0x00000005cc400000|  0%| F|  |TS  0|AC  0|TAMS 0x00000005cc200000, 0x00000005cc200000|
|  81|0x00000005cc400000, 0x00000005cc400000, 0x00000005cc600000|  0%| F|  |TS  0|AC  0|TAMS 0x00000005cc400000, 0x00000005cc400000|
|  82|0x00000005cc600000, 0x00000005cc600000, 0x00000005cc800000|  0%| F|  |TS  0|AC  0|TAMS 0x00000005cc600000, 0x00000005cc600000|
|  83|0x00000005cc800000, 0x00000005cc800000, 0x00000005cca00000|  0%| F|  |TS  0|AC  0|TAMS 0x00000005cc800000, 0x00000005cc800000|
|  84|0x00000005cca00000, 0x00000005cca00000, 0x00000005ccc00000|  0%| F|  |TS  0|AC  0|TAMS 0x00000005cca00000, 0x00000005cca00000|
|  85|0x00000005ccc00000, 0x00000005ccc00000, 0x00000005cce00000|  0%| F|  |TS  0|AC  0|TAMS 0x00000005ccc00000, 0x00000005ccc00000|
|  86|0x00000005cce00000, 0x00000005cce00000, 0x00000005cd000000|  0%| F|  |TS  0|AC  0|TAMS 0x00000005cce00000, 0x00000005cce00000|
|  87|0x00000005cd000000, 0x00000005cd000000, 0x00000005cd200000|  0%| F|  |TS  0|AC  0|TAMS 0x00000005cd000000, 0x00000005cd000000|
|  88|0x00000005cd200000, 0x00000005cd200000, 0x00000005cd400000|  0%| F|  |TS  0|AC  0|TAMS 0x00000005cd200000, 0x00000005cd200000|
|  89|0x00000005cd400000, 0x00000005cd400000, 0x00000005cd600000|  0%| F|  |TS  0|AC  0|TAMS 0x00000005cd400000, 0x00000005cd400000|
|  90|0x00000005cd600000, 0x00000005cd600000, 0x00000005cd800000|  0%| F|  |TS  0|AC  0|TAMS 0x00000005cd600000, 0x00000005cd600000|
|  91|0x00000005cd800000, 0x00000005cd800000, 0x00000005cda00000|  0%| F|  |TS  0|AC  0|TAMS 0x00000005cd800000, 0x00000005cd800000|
|  92|0x00000005cda00000, 0x00000005cda00000, 0x00000005cdc00000|  0%| F|  |TS  0|AC  0|TAMS 0x00000005cda00000, 0x00000005cda00000|
|  93|0x00000005cdc00000, 0x00000005cdc00000, 0x00000005cde00000|  0%| F|  |TS  0|AC  0|TAMS 0x00000005cdc00000, 0x00000005cdc00000|
|  94|0x00000005cde00000, 0x00000005cde00000, 0x00000005ce000000|  0%| F|  |TS  0|AC  0|TAMS 0x00000005cde00000, 0x00000005cde00000|
|  95|0x00000005ce000000, 0x00000005ce000000, 0x00000005ce200000|  0%| F|  |TS  0|AC  0|TAMS 0x00000005ce000000, 0x00000005ce000000|
|  96|0x00000005ce200000, 0x00000005ce200000, 0x00000005ce400000|  0%| F|  |TS  0|AC  0|TAMS 0x00000005ce200000, 0x00000005ce200000|
|  97|0x00000005ce400000, 0x00000005ce400000, 0x00000005ce600000|  0%| F|  |TS  0|AC  0|TAMS 0x00000005ce400000, 0x00000005ce400000|
|  98|0x00000005ce600000, 0x00000005ce600000, 0x00000005ce800000|  0%| F|  |TS  0|AC  0|TAMS 0x00000005ce600000, 0x00000005ce600000|
|  99|0x00000005ce800000, 0x00000005ce800000, 0x00000005cea00000|  0%| F|  |TS  0|AC  0|TAMS 0x00000005ce800000, 0x00000005ce800000|
| 100|0x00000005cea00000, 0x00000005cea00000, 0x00000005cec00000|  0%| F|  |TS  0|AC  0|TAMS 0x00000005cea00000, 0x00000005cea00000|
| 101|0x00000005cec00000, 0x00000005cec00000, 0x00000005cee00000|  0%| F|  |TS  0|AC  0|TAMS 0x00000005cec00000, 0x00000005cec00000|
| 102|0x00000005cee00000, 0x00000005cee00000, 0x00000005cf000000|  0%| F|  |TS  0|AC  0|TAMS 0x00000005cee00000, 0x00000005cee00000|
| 103|0x00000005cf000000, 0x00000005cf000000, 0x00000005cf200000|  0%| F|  |TS  0|AC  0|TAMS 0x00000005cf000000, 0x00000005cf000000|
| 104|0x00000005cf200000, 0x00000005cf200000, 0x00000005cf400000|  0%| F|  |TS  0|AC  0|TAMS 0x00000005cf200000, 0x00000005cf200000|
| 105|0x00000005cf400000, 0x00000005cf400000, 0x00000005cf600000|  0%| F|  |TS  0|AC  0|TAMS 0x00000005cf400000, 0x00000005cf400000|
| 106|0x00000005cf600000, 0x00000005cf600000, 0x00000005cf800000|  0%| F|  |TS  0|AC  0|TAMS 0x00000005cf600000, 0x00000005cf600000|
| 107|0x00000005cf800000, 0x00000005cf800000, 0x00000005cfa00000|  0%| F|  |TS  0|AC  0|TAMS 0x00000005cf800000, 0x00000005cf800000|
| 108|0x00000005cfa00000, 0x00000005cfa00000, 0x00000005cfc00000|  0%| F|  |TS  0|AC  0|TAMS 0x00000005cfa00000, 0x00000005cfa00000|
| 109|0x00000005cfc00000, 0x00000005cfc00000, 0x00000005cfe00000|  0%| F|  |TS  0|AC  0|TAMS 0x00000005cfc00000, 0x00000005cfc00000|
| 110|0x00000005cfe00000, 0x00000005cfe00000, 0x00000005d0000000|  0%| F|  |TS  0|AC  0|TAMS 0x00000005cfe00000, 0x00000005cfe00000|
| 111|0x00000005d0000000, 0x00000005d0000000, 0x00000005d0200000|  0%| F|  |TS  0|AC  0|TAMS 0x00000005d0000000, 0x00000005d0000000|
| 112|0x00000005d0200000, 0x00000005d0200000, 0x00000005d0400000|  0%| F|  |TS  0|AC  0|TAMS 0x00000005d0200000, 0x00000005d0200000|
| 113|0x00000005d0400000, 0x00000005d0400000, 0x00000005d0600000|  0%| F|  |TS  0|AC  0|TAMS 0x00000005d0400000, 0x00000005d0400000|
| 114|0x00000005d0600000, 0x00000005d0600000, 0x00000005d0800000|  0%| F|  |TS  0|AC  0|TAMS 0x00000005d0600000, 0x00000005d0600000|
| 115|0x00000005d0800000, 0x00000005d0800000, 0x00000005d0a00000|  0%| F|  |TS  0|AC  0|TAMS 0x00000005d0800000, 0x00000005d0800000|
| 116|0x00000005d0a00000, 0x00000005d0a00000, 0x00000005d0c00000|  0%| F|  |TS  0|AC  0|TAMS 0x00000005d0a00000, 0x00000005d0a00000|
| 117|0x00000005d0c00000, 0x00000005d0c00000, 0x00000005d0e00000|  0%| F|  |TS  0|AC  0|TAMS 0x00000005d0c00000, 0x00000005d0c00000|
| 118|0x00000005d0e00000, 0x00000005d0e00000, 0x00000005d1000000|  0%| F|  |TS  0|AC  0|TAMS 0x00000005d0e00000, 0x00000005d0e00000|
| 119|0x00000005d1000000, 0x00000005d1000000, 0x00000005d1200000|  0%| F|  |TS  0|AC  0|TAMS 0x00000005d1000000, 0x00000005d1000000|
| 120|0x00000005d1200000, 0x00000005d1200000, 0x00000005d1400000|  0%| F|  |TS  0|AC  0|TAMS 0x00000005d1200000, 0x00000005d1200000|
| 121|0x00000005d1400000, 0x00000005d1400000, 0x00000005d1600000|  0%| F|  |TS  0|AC  0|TAMS 0x00000005d1400000, 0x00000005d1400000|
| 122|0x00000005d1600000, 0x00000005d1600000, 0x00000005d1800000|  0%| F|  |TS  0|AC  0|TAMS 0x00000005d1600000, 0x00000005d1600000|
| 123|0x00000005d1800000, 0x00000005d1800000, 0x00000005d1a00000|  0%| F|  |TS  0|AC  0|TAMS 0x00000005d1800000, 0x00000005d1800000|
| 124|0x00000005d1a00000, 0x00000005d1a00000, 0x00000005d1c00000|  0%| F|  |TS  0|AC  0|TAMS 0x00000005d1a00000, 0x00000005d1a00000|
| 125|0x00000005d1c00000, 0x00000005d1c00000, 0x00000005d1e00000|  0%| F|  |TS  0|AC  0|TAMS 0x00000005d1c00000, 0x00000005d1c00000|
| 126|0x00000005d1e00000, 0x00000005d1e00000, 0x00000005d2000000|  0%| F|  |TS  0|AC  0|TAMS 0x00000005d1e00000, 0x00000005d1e00000|
| 127|0x00000005d2000000, 0x00000005d2000000, 0x00000005d2200000|  0%| F|  |TS  0|AC  0|TAMS 0x00000005d2000000, 0x00000005d2000000|
| 128|0x00000005d2200000, 0x00000005d2200000, 0x00000005d2400000|  0%| F|  |TS  0|AC  0|TAMS 0x00000005d2200000, 0x00000005d2200000|
| 129|0x00000005d2400000, 0x00000005d2400000, 0x00000005d2600000|  0%| F|  |TS  0|AC  0|TAMS 0x00000005d2400000, 0x00000005d2400000|
| 130|0x00000005d2600000, 0x00000005d2600000, 0x00000005d2800000|  0%| F|  |TS  0|AC  0|TAMS 0x00000005d2600000, 0x00000005d2600000|
| 131|0x00000005d2800000, 0x00000005d2800000, 0x00000005d2a00000|  0%| F|  |TS  0|AC  0|TAMS 0x00000005d2800000, 0x00000005d2800000|
| 132|0x00000005d2a00000, 0x00000005d2a00000, 0x00000005d2c00000|  0%| F|  |TS  0|AC  0|TAMS 0x00000005d2a00000, 0x00000005d2a00000|
| 133|0x00000005d2c00000, 0x00000005d2c00000, 0x00000005d2e00000|  0%| F|  |TS  0|AC  0|TAMS 0x00000005d2c00000, 0x00000005d2c00000|
| 134|0x00000005d2e00000, 0x00000005d2e00000, 0x00000005d3000000|  0%| F|  |TS  0|AC  0|TAMS 0x00000005d2e00000, 0x00000005d2e00000|
| 135|0x00000005d3000000, 0x00000005d3000000, 0x00000005d3200000|  0%| F|  |TS  0|AC  0|TAMS 0x00000005d3000000, 0x00000005d3000000|
| 136|0x00000005d3200000, 0x00000005d3200000, 0x00000005d3400000|  0%| F|  |TS  0|AC  0|TAMS 0x00000005d3200000, 0x00000005d3200000|
| 137|0x00000005d3400000, 0x00000005d3400000, 0x00000005d3600000|  0%| F|  |TS  0|AC  0|TAMS 0x00000005d3400000, 0x00000005d3400000|
| 138|0x00000005d3600000, 0x00000005d3600000, 0x00000005d3800000|  0%| F|  |TS  0|AC  0|TAMS 0x00000005d3600000, 0x00000005d3600000|
| 139|0x00000005d3800000, 0x00000005d3800000, 0x00000005d3a00000|  0%| F|  |TS  0|AC  0|TAMS 0x00000005d3800000, 0x00000005d3800000|
| 140|0x00000005d3a00000, 0x00000005d3a00000, 0x00000005d3c00000|  0%| F|  |TS  0|AC  0|TAMS 0x00000005d3a00000, 0x00000005d3a00000|
| 141|0x00000005d3c00000, 0x00000005d3c00000, 0x00000005d3e00000|  0%| F|  |TS  0|AC  0|TAMS 0x00000005d3c00000, 0x00000005d3c00000|
| 142|0x00000005d3e00000, 0x00000005d3e00000, 0x00000005d4000000|  0%| F|  |TS  0|AC  0|TAMS 0x00000005d3e00000, 0x00000005d3e00000|
| 143|0x00000005d4000000, 0x00000005d4000000, 0x00000005d4200000|  0%| F|  |TS  0|AC  0|TAMS 0x00000005d4000000, 0x00000005d4000000|
| 144|0x00000005d4200000, 0x00000005d4200000, 0x00000005d4400000|  0%| F|  |TS  0|AC  0|TAMS 0x00000005d4200000, 0x00000005d4200000|
| 145|0x00000005d4400000, 0x00000005d4400000, 0x00000005d4600000|  0%| F|  |TS  0|AC  0|TAMS 0x00000005d4400000, 0x00000005d4400000|
| 146|0x00000005d4600000, 0x00000005d4600000, 0x00000005d4800000|  0%| F|  |TS  0|AC  0|TAMS 0x00000005d4600000, 0x00000005d4600000|
| 147|0x00000005d4800000, 0x00000005d4800000, 0x00000005d4a00000|  0%| F|  |TS  0|AC  0|TAMS 0x00000005d4800000, 0x00000005d4800000|
| 148|0x00000005d4a00000, 0x00000005d4a00000, 0x00000005d4c00000|  0%| F|  |TS  0|AC  0|TAMS 0x00000005d4a00000, 0x00000005d4a00000|
| 149|0x00000005d4c00000, 0x00000005d4c00000, 0x00000005d4e00000|  0%| F|  |TS  0|AC  0|TAMS 0x00000005d4c00000, 0x00000005d4c00000|
| 150|0x00000005d4e00000, 0x00000005d4e00000, 0x00000005d5000000|  0%| F|  |TS  0|AC  0|TAMS 0x00000005d4e00000, 0x00000005d4e00000|
| 151|0x00000005d5000000, 0x00000005d5000000, 0x00000005d5200000|  0%| F|  |TS  0|AC  0|TAMS 0x00000005d5000000, 0x00000005d5000000|
| 152|0x00000005d5200000, 0x00000005d5200000, 0x00000005d5400000|  0%| F|  |TS  0|AC  0|TAMS 0x00000005d5200000, 0x00000005d5200000|
| 153|0x00000005d5400000, 0x00000005d5400000, 0x00000005d5600000|  0%| F|  |TS  0|AC  0|TAMS 0x00000005d5400000, 0x00000005d5400000|
| 154|0x00000005d5600000, 0x00000005d5600000, 0x00000005d5800000|  0%| F|  |TS  0|AC  0|TAMS 0x00000005d5600000, 0x00000005d5600000|
| 155|0x00000005d5800000, 0x00000005d5800000, 0x00000005d5a00000|  0%| F|  |TS  0|AC  0|TAMS 0x00000005d5800000, 0x00000005d5800000|
| 156|0x00000005d5a00000, 0x00000005d5a00000, 0x00000005d5c00000|  0%| F|  |TS  0|AC  0|TAMS 0x00000005d5a00000, 0x00000005d5a00000|
| 157|0x00000005d5c00000, 0x00000005d5c00000, 0x00000005d5e00000|  0%| F|  |TS  0|AC  0|TAMS 0x00000005d5c00000, 0x00000005d5c00000|
| 158|0x00000005d5e00000, 0x00000005d5e00000, 0x00000005d6000000|  0%| F|  |TS  0|AC  0|TAMS 0x00000005d5e00000, 0x00000005d5e00000|
| 159|0x00000005d6000000, 0x00000005d6000000, 0x00000005d6200000|  0%| F|  |TS  0|AC  0|TAMS 0x00000005d6000000, 0x00000005d6000000|
| 160|0x00000005d6200000, 0x00000005d6200000, 0x00000005d6400000|  0%| F|  |TS  0|AC  0|TAMS 0x00000005d6200000, 0x00000005d6200000|
| 161|0x00000005d6400000, 0x00000005d6400000, 0x00000005d6600000|  0%| F|  |TS  0|AC  0|TAMS 0x00000005d6400000, 0x00000005d6400000|
| 162|0x00000005d6600000, 0x00000005d6600000, 0x00000005d6800000|  0%| F|  |TS  0|AC  0|TAMS 0x00000005d6600000, 0x00000005d6600000|
| 163|0x00000005d6800000, 0x00000005d6800000, 0x00000005d6a00000|  0%| F|  |TS  0|AC  0|TAMS 0x00000005d6800000, 0x00000005d6800000|
| 164|0x00000005d6a00000, 0x00000005d6a00000, 0x00000005d6c00000|  0%| F|  |TS  0|AC  0|TAMS 0x00000005d6a00000, 0x00000005d6a00000|
| 165|0x00000005d6c00000, 0x00000005d6c00000, 0x00000005d6e00000|  0%| F|  |TS  0|AC  0|TAMS 0x00000005d6c00000, 0x00000005d6c00000|
| 166|0x00000005d6e00000, 0x00000005d6e00000, 0x00000005d7000000|  0%| F|  |TS  0|AC  0|TAMS 0x00000005d6e00000, 0x00000005d6e00000|
| 167|0x00000005d7000000, 0x00000005d7000000, 0x00000005d7200000|  0%| F|  |TS  0|AC  0|TAMS 0x00000005d7000000, 0x00000005d7000000|
| 168|0x00000005d7200000, 0x00000005d7200000, 0x00000005d7400000|  0%| F|  |TS  0|AC  0|TAMS 0x00000005d7200000, 0x00000005d7200000|
| 169|0x00000005d7400000, 0x00000005d7400000, 0x00000005d7600000|  0%| F|  |TS  0|AC  0|TAMS 0x00000005d7400000, 0x00000005d7400000|
| 170|0x00000005d7600000, 0x00000005d7600000, 0x00000005d7800000|  0%| F|  |TS  0|AC  0|TAMS 0x00000005d7600000, 0x00000005d7600000|
| 171|0x00000005d7800000, 0x00000005d7800000, 0x00000005d7a00000|  0%| F|  |TS  0|AC  0|TAMS 0x00000005d7800000, 0x00000005d7800000|
| 172|0x00000005d7a00000, 0x00000005d7a00000, 0x00000005d7c00000|  0%| F|  |TS  0|AC  0|TAMS 0x00000005d7a00000, 0x00000005d7a00000|
| 173|0x00000005d7c00000, 0x00000005d7c00000, 0x00000005d7e00000|  0%| F|  |TS  0|AC  0|TAMS 0x00000005d7c00000, 0x00000005d7c00000|
| 174|0x00000005d7e00000, 0x00000005d7e00000, 0x00000005d8000000|  0%| F|  |TS  0|AC  0|TAMS 0x00000005d7e00000, 0x00000005d7e00000|
| 175|0x00000005d8000000, 0x00000005d8000000, 0x00000005d8200000|  0%| F|  |TS  0|AC  0|TAMS 0x00000005d8000000, 0x00000005d8000000|
| 176|0x00000005d8200000, 0x00000005d8200000, 0x00000005d8400000|  0%| F|  |TS  0|AC  0|TAMS 0x00000005d8200000, 0x00000005d8200000|
| 177|0x00000005d8400000, 0x00000005d8400000, 0x00000005d8600000|  0%| F|  |TS  0|AC  0|TAMS 0x00000005d8400000, 0x00000005d8400000|
| 178|0x00000005d8600000, 0x00000005d8600000, 0x00000005d8800000|  0%| F|  |TS  0|AC  0|TAMS 0x00000005d8600000, 0x00000005d8600000|
| 179|0x00000005d8800000, 0x00000005d8800000, 0x00000005d8a00000|  0%| F|  |TS  0|AC  0|TAMS 0x00000005d8800000, 0x00000005d8800000|
| 180|0x00000005d8a00000, 0x00000005d8a00000, 0x00000005d8c00000|  0%| F|  |TS  0|AC  0|TAMS 0x00000005d8a00000, 0x00000005d8a00000|
| 181|0x00000005d8c00000, 0x00000005d8c00000, 0x00000005d8e00000|  0%| F|  |TS  0|AC  0|TAMS 0x00000005d8c00000, 0x00000005d8c00000|
| 182|0x00000005d8e00000, 0x00000005d8e00000, 0x00000005d9000000|  0%| F|  |TS  0|AC  0|TAMS 0x00000005d8e00000, 0x00000005d8e00000|
| 183|0x00000005d9000000, 0x00000005d9000000, 0x00000005d9200000|  0%| F|  |TS  0|AC  0|TAMS 0x00000005d9000000, 0x00000005d9000000|
| 184|0x00000005d9200000, 0x00000005d9200000, 0x00000005d9400000|  0%| F|  |TS  0|AC  0|TAMS 0x00000005d9200000, 0x00000005d9200000|
| 185|0x00000005d9400000, 0x00000005d9400000, 0x00000005d9600000|  0%| F|  |TS  0|AC  0|TAMS 0x00000005d9400000, 0x00000005d9400000|
| 186|0x00000005d9600000, 0x00000005d9600000, 0x00000005d9800000|  0%| F|  |TS  0|AC  0|TAMS 0x00000005d9600000, 0x00000005d9600000|
| 187|0x00000005d9800000, 0x00000005d9800000, 0x00000005d9a00000|  0%| F|  |TS  0|AC  0|TAMS 0x00000005d9800000, 0x00000005d9800000|
| 188|0x00000005d9a00000, 0x00000005d9a00000, 0x00000005d9c00000|  0%| F|  |TS  0|AC  0|TAMS 0x00000005d9a00000, 0x00000005d9a00000|
| 189|0x00000005d9c00000, 0x00000005d9c00000, 0x00000005d9e00000|  0%| F|  |TS  0|AC  0|TAMS 0x00000005d9c00000, 0x00000005d9c00000|
| 190|0x00000005d9e00000, 0x00000005d9e00000, 0x00000005da000000|  0%| F|  |TS  0|AC  0|TAMS 0x00000005d9e00000, 0x00000005d9e00000|
| 191|0x00000005da000000, 0x00000005da000000, 0x00000005da200000|  0%| F|  |TS  0|AC  0|TAMS 0x00000005da000000, 0x00000005da000000|
| 192|0x00000005da200000, 0x00000005da200000, 0x00000005da400000|  0%| F|  |TS  0|AC  0|TAMS 0x00000005da200000, 0x00000005da200000|
| 193|0x00000005da400000, 0x00000005da400000, 0x00000005da600000|  0%| F|  |TS  0|AC  0|TAMS 0x00000005da400000, 0x00000005da400000|
| 194|0x00000005da600000, 0x00000005da600000, 0x00000005da800000|  0%| F|  |TS  0|AC  0|TAMS 0x00000005da600000, 0x00000005da600000|
| 195|0x00000005da800000, 0x00000005da800000, 0x00000005daa00000|  0%| F|  |TS  0|AC  0|TAMS 0x00000005da800000, 0x00000005da800000|
| 196|0x00000005daa00000, 0x00000005daa00000, 0x00000005dac00000|  0%| F|  |TS  0|AC  0|TAMS 0x00000005daa00000, 0x00000005daa00000|
| 197|0x00000005dac00000, 0x00000005dac00000, 0x00000005dae00000|  0%| F|  |TS  0|AC  0|TAMS 0x00000005dac00000, 0x00000005dac00000|
| 198|0x00000005dae00000, 0x00000005dae00000, 0x00000005db000000|  0%| F|  |TS  0|AC  0|TAMS 0x00000005dae00000, 0x00000005dae00000|
| 199|0x00000005db000000, 0x00000005db000000, 0x00000005db200000|  0%| F|  |TS  0|AC  0|TAMS 0x00000005db000000, 0x00000005db000000|
| 200|0x00000005db200000, 0x00000005db200000, 0x00000005db400000|  0%| F|  |TS  0|AC  0|TAMS 0x00000005db200000, 0x00000005db200000|
| 201|0x00000005db400000, 0x00000005db400000, 0x00000005db600000|  0%| F|  |TS  0|AC  0|TAMS 0x00000005db400000, 0x00000005db400000|
| 202|0x00000005db600000, 0x00000005db600000, 0x00000005db800000|  0%| F|  |TS  0|AC  0|TAMS 0x00000005db600000, 0x00000005db600000|
| 203|0x00000005db800000, 0x00000005db800000, 0x00000005dba00000|  0%| F|  |TS  0|AC  0|TAMS 0x00000005db800000, 0x00000005db800000|
| 204|0x00000005dba00000, 0x00000005dba00000, 0x00000005dbc00000|  0%| F|  |TS  0|AC  0|TAMS 0x00000005dba00000, 0x00000005dba00000|
| 205|0x00000005dbc00000, 0x00000005dbc00000, 0x00000005dbe00000|  0%| F|  |TS  0|AC  0|TAMS 0x00000005dbc00000, 0x00000005dbc00000|
| 206|0x00000005dbe00000, 0x00000005dbe00000, 0x00000005dc000000|  0%| F|  |TS  0|AC  0|TAMS 0x00000005dbe00000, 0x00000005dbe00000|
| 207|0x00000005dc000000, 0x00000005dc000000, 0x00000005dc200000|  0%| F|  |TS  0|AC  0|TAMS 0x00000005dc000000, 0x00000005dc000000|
| 208|0x00000005dc200000, 0x00000005dc200000, 0x00000005dc400000|  0%| F|  |TS  0|AC  0|TAMS 0x00000005dc200000, 0x00000005dc200000|
| 209|0x00000005dc400000, 0x00000005dc400000, 0x00000005dc600000|  0%| F|  |TS  0|AC  0|TAMS 0x00000005dc400000, 0x00000005dc400000|
| 210|0x00000005dc600000, 0x00000005dc600000, 0x00000005dc800000|  0%| F|  |TS  0|AC  0|TAMS 0x00000005dc600000, 0x00000005dc600000|
| 211|0x00000005dc800000, 0x00000005dc800000, 0x00000005dca00000|  0%| F|  |TS  0|AC  0|TAMS 0x00000005dc800000, 0x00000005dc800000|
| 212|0x00000005dca00000, 0x00000005dca00000, 0x00000005dcc00000|  0%| F|  |TS  0|AC  0|TAMS 0x00000005dca00000, 0x00000005dca00000|
| 213|0x00000005dcc00000, 0x00000005dcc00000, 0x00000005dce00000|  0%| F|  |TS  0|AC  0|TAMS 0x00000005dcc00000, 0x00000005dcc00000|
| 214|0x00000005dce00000, 0x00000005dce00000, 0x00000005dd000000|  0%| F|  |TS  0|AC  0|TAMS 0x00000005dce00000, 0x00000005dce00000|
| 215|0x00000005dd000000, 0x00000005dd000000, 0x00000005dd200000|  0%| F|  |TS  0|AC  0|TAMS 0x00000005dd000000, 0x00000005dd000000|
| 216|0x00000005dd200000, 0x00000005dd200000, 0x00000005dd400000|  0%| F|  |TS  0|AC  0|TAMS 0x00000005dd200000, 0x00000005dd200000|
| 217|0x00000005dd400000, 0x00000005dd400000, 0x00000005dd600000|  0%| F|  |TS  0|AC  0|TAMS 0x00000005dd400000, 0x00000005dd400000|
| 218|0x00000005dd600000, 0x00000005dd600000, 0x00000005dd800000|  0%| F|  |TS  0|AC  0|TAMS 0x00000005dd600000, 0x00000005dd600000|
| 219|0x00000005dd800000, 0x00000005dd800000, 0x00000005dda00000|  0%| F|  |TS  0|AC  0|TAMS 0x00000005dd800000, 0x00000005dd800000|
| 220|0x00000005dda00000, 0x00000005dda00000, 0x00000005ddc00000|  0%| F|  |TS  0|AC  0|TAMS 0x00000005dda00000, 0x00000005dda00000|
| 221|0x00000005ddc00000, 0x00000005ddc00000, 0x00000005dde00000|  0%| F|  |TS  0|AC  0|TAMS 0x00000005ddc00000, 0x00000005ddc00000|
| 222|0x00000005dde00000, 0x00000005dde00000, 0x00000005de000000|  0%| F|  |TS  0|AC  0|TAMS 0x00000005dde00000, 0x00000005dde00000|
| 223|0x00000005de000000, 0x00000005de000000, 0x00000005de200000|  0%| F|  |TS  0|AC  0|TAMS 0x00000005de000000, 0x00000005de000000|
| 224|0x00000005de200000, 0x00000005de200000, 0x00000005de400000|  0%| F|  |TS  0|AC  0|TAMS 0x00000005de200000, 0x00000005de200000|
| 225|0x00000005de400000, 0x00000005de400000, 0x00000005de600000|  0%| F|  |TS  0|AC  0|TAMS 0x00000005de400000, 0x00000005de400000|
| 226|0x00000005de600000, 0x00000005de600000, 0x00000005de800000|  0%| F|  |TS  0|AC  0|TAMS 0x00000005de600000, 0x00000005de600000|
| 227|0x00000005de800000, 0x00000005de800000, 0x00000005dea00000|  0%| F|  |TS  0|AC  0|TAMS 0x00000005de800000, 0x00000005de800000|
| 228|0x00000005dea00000, 0x00000005dea00000, 0x00000005dec00000|  0%| F|  |TS  0|AC  0|TAMS 0x00000005dea00000, 0x00000005dea00000|
| 229|0x00000005dec00000, 0x00000005dec00000, 0x00000005dee00000|  0%| F|  |TS  0|AC  0|TAMS 0x00000005dec00000, 0x00000005dec00000|
| 230|0x00000005dee00000, 0x00000005dee00000, 0x00000005df000000|  0%| F|  |TS  0|AC  0|TAMS 0x00000005dee00000, 0x00000005dee00000|
| 231|0x00000005df000000, 0x00000005df000000, 0x00000005df200000|  0%| F|  |TS  0|AC  0|TAMS 0x00000005df000000, 0x00000005df000000|
| 232|0x00000005df200000, 0x00000005df200000, 0x00000005df400000|  0%| F|  |TS  0|AC  0|TAMS 0x00000005df200000, 0x00000005df200000|
| 233|0x00000005df400000, 0x00000005df400000, 0x00000005df600000|  0%| F|  |TS  0|AC  0|TAMS 0x00000005df400000, 0x00000005df400000|
| 234|0x00000005df600000, 0x00000005df600000, 0x00000005df800000|  0%| F|  |TS  0|AC  0|TAMS 0x00000005df600000, 0x00000005df600000|
| 235|0x00000005df800000, 0x00000005df800000, 0x00000005dfa00000|  0%| F|  |TS  0|AC  0|TAMS 0x00000005df800000, 0x00000005df800000|
| 236|0x00000005dfa00000, 0x00000005dfa00000, 0x00000005dfc00000|  0%| F|  |TS  0|AC  0|TAMS 0x00000005dfa00000, 0x00000005dfa00000|
| 237|0x00000005dfc00000, 0x00000005dfc00000, 0x00000005dfe00000|  0%| F|  |TS  0|AC  0|TAMS 0x00000005dfc00000, 0x00000005dfc00000|
| 238|0x00000005dfe00000, 0x00000005dfe00000, 0x00000005e0000000|  0%| F|  |TS  0|AC  0|TAMS 0x00000005dfe00000, 0x00000005dfe00000|
| 239|0x00000005e0000000, 0x00000005e0000000, 0x00000005e0200000|  0%| F|  |TS  0|AC  0|TAMS 0x00000005e0000000, 0x00000005e0000000|
| 240|0x00000005e0200000, 0x00000005e0200000, 0x00000005e0400000|  0%| F|  |TS  0|AC  0|TAMS 0x00000005e0200000, 0x00000005e0200000|
| 241|0x00000005e0400000, 0x00000005e0400000, 0x00000005e0600000|  0%| F|  |TS  0|AC  0|TAMS 0x00000005e0400000, 0x00000005e0400000|
| 242|0x00000005e0600000, 0x00000005e0600000, 0x00000005e0800000|  0%| F|  |TS  0|AC  0|TAMS 0x00000005e0600000, 0x00000005e0600000|
| 243|0x00000005e0800000, 0x00000005e0800000, 0x00000005e0a00000|  0%| F|  |TS  0|AC  0|TAMS 0x00000005e0800000, 0x00000005e0800000|
| 244|0x00000005e0a00000, 0x00000005e0a00000, 0x00000005e0c00000|  0%| F|  |TS  0|AC  0|TAMS 0x00000005e0a00000, 0x00000005e0a00000|
| 245|0x00000005e0c00000, 0x00000005e0c00000, 0x00000005e0e00000|  0%| F|  |TS  0|AC  0|TAMS 0x00000005e0c00000, 0x00000005e0c00000|
| 246|0x00000005e0e00000, 0x00000005e0e00000, 0x00000005e1000000|  0%| F|  |TS  0|AC  0|TAMS 0x00000005e0e00000, 0x00000005e0e00000|
| 247|0x00000005e1000000, 0x00000005e1000000, 0x00000005e1200000|  0%| F|  |TS  0|AC  0|TAMS 0x00000005e1000000, 0x00000005e1000000|
| 248|0x00000005e1200000, 0x00000005e1200000, 0x00000005e1400000|  0%| F|  |TS  0|AC  0|TAMS 0x00000005e1200000, 0x00000005e1200000|
| 249|0x00000005e1400000, 0x00000005e1400000, 0x00000005e1600000|  0%| F|  |TS  0|AC  0|TAMS 0x00000005e1400000, 0x00000005e1400000|
| 250|0x00000005e1600000, 0x00000005e1600000, 0x00000005e1800000|  0%| F|  |TS  0|AC  0|TAMS 0x00000005e1600000, 0x00000005e1600000|
| 251|0x00000005e1800000, 0x00000005e1800000, 0x00000005e1a00000|  0%| F|  |TS  0|AC  0|TAMS 0x00000005e1800000, 0x00000005e1800000|
| 252|0x00000005e1a00000, 0x00000005e1a00000, 0x00000005e1c00000|  0%| F|  |TS  1|AC  0|TAMS 0x00000005e1a00000, 0x00000005e1a00000|
| 253|0x00000005e1c00000, 0x00000005e1cf18c8, 0x00000005e1e00000| 47%| S|CS|TS  1|AC  0|TAMS 0x00000005e1c00000, 0x00000005e1c00000|
| 254|0x00000005e1e00000, 0x00000005e1e00000, 0x00000005e2000000|  0%| F|  |TS  1|AC  0|TAMS 0x00000005e1e00000, 0x00000005e1e00000|

Card table byte_map: [0x000001b890320000,0x000001b891310000] byte_map_base: 0x000001b88d50f000

Marking Bits (Prev, Next): (CMBitMap*) 0x000001b8a22888a8, (CMBitMap*) 0x000001b8a2288870
 Prev Bits: [0x000001b89a280000, 0x000001b8a21f8000)
 Next Bits: [0x000001b892300000, 0x000001b89a278000)

Polling page: 0x000001b8f65e0000

CodeHeap 'non-profiled nmethods': size=120000Kb used=50Kb max_used=50Kb free=119949Kb
 bounds [0x000001b887ad0000, 0x000001b887d40000, 0x000001b88f000000]
CodeHeap 'profiled nmethods': size=120000Kb used=234Kb max_used=234Kb free=119765Kb
 bounds [0x000001b8805a0000, 0x000001b880810000, 0x000001b887ad0000]
CodeHeap 'non-nmethods': size=5760Kb used=1028Kb max_used=1030Kb free=4731Kb
 bounds [0x000001b880000000, 0x000001b880270000, 0x000001b8805a0000]
 total_blobs=539 nmethods=176 adapters=214
 compilation: enabled

Compilation events (10 events):
Event: 0.138 Thread 0x000001b8a5047000  170       3       java.lang.StringLatin1::newString (17 bytes)
Event: 0.139 Thread 0x000001b8a5047000 nmethod 170 0x000001b8805d7c10 code [0x000001b8805d7de0, 0x000001b8805d80f0]
Event: 0.139 Thread 0x000001b8a5047000  171       3       java.lang.String::checkBoundsBeginEnd (63 bytes)
Event: 0.139 Thread 0x000001b8a5047000 nmethod 171 0x000001b8805d8210 code [0x000001b8805d84e0, 0x000001b8805d9080]
Event: 0.139 Thread 0x000001b8a5047000  172       3       java.lang.String::substring (58 bytes)
Event: 0.139 Thread 0x000001b8a5047000 nmethod 172 0x000001b8805d9490 code [0x000001b8805d96c0, 0x000001b8805d9db0]
Event: 0.139 Thread 0x000001b8a5047000  173       3       java.util.StringTokenizer::hasMoreTokens (29 bytes)
Event: 0.139 Thread 0x000001b8a5047000 nmethod 173 0x000001b8805da010 code [0x000001b8805da1e0, 0x000001b8805da3f0]
Event: 0.139 Thread 0x000001b8a5047000  177       3       java.util.StringTokenizer::nextToken (92 bytes)
Event: 0.139 Thread 0x000001b8a5047000 nmethod 177 0x000001b8805da490 code [0x000001b8805da680, 0x000001b8805daa00]

GC Heap History (4 events):
Event: 0.131 GC heap before
{Heap before GC invocations=0 (full 0):
 garbage-first heap   total 522240K, used 2048K [0x00000005c2200000, 0x00000007c0000000)
  region size 2048K, 2 young (4096K), 0 survivors (0K)
 Metaspace       used 5012K, capacity 5070K, committed 5120K, reserved 1067008K
  class space    used 461K, capacity 478K, committed 512K, reserved 1048576K
}
Event: 0.132 GC heap after
{Heap after GC invocations=1 (full 0):
 garbage-first heap   total 522240K, used 822K [0x00000005c2200000, 0x00000007c0000000)
  region size 2048K, 1 young (2048K), 1 survivors (2048K)
 Metaspace       used 5012K, capacity 5070K, committed 5120K, reserved 1067008K
  class space    used 461K, capacity 478K, committed 512K, reserved 1048576K
}
Event: 0.141 GC heap before
{Heap before GC invocations=2 (full 0):
 garbage-first heap   total 522240K, used 822K [0x00000005c2200000, 0x00000007c0000000)
  region size 2048K, 2 young (4096K), 1 survivors (2048K)
 Metaspace       used 5262K, capacity 5301K, committed 5376K, reserved 1075200K
  class space    used 484K, capacity 512K, committed 512K, reserved 1048576K
}
Event: 0.142 GC heap after
{Heap after GC invocations=3 (full 0):
 garbage-first heap   total 522240K, used 966K [0x00000005c2200000, 0x00000007c0000000)
  region size 2048K, 1 young (2048K), 1 survivors (2048K)
 Metaspace       used 5262K, capacity 5301K, committed 5376K, reserved 1075200K
  class space    used 484K, capacity 512K, committed 512K, reserved 1048576K
}

Deoptimization events (1 events):
Event: 0.083 Thread 0x000001b8f87c5800 Uncommon trap: reason=unstable_if action=reinterpret pc=0x000001b887ad54dc method=java.lang.String.hashCode()I @ 14 c2

Classes redefined (0 events):
No events

Internal exceptions (2 events):
Event: 0.120 Thread 0x000001b8f87c5800 Exception <a 'java/lang/NoSuchMethodError'{0x00000005e1ff84e8}: java.lang.Object.lambda$negate$3(I)Z> (0x00000005e1ff84e8) thrown at [t:/workspace/open/src/hotspot/share/interpreter/linkResolver.cpp, line 741]
Event: 0.121 Thread 0x000001b8f87c5800 Exception <a 'java/lang/NoSuchMethodError'{0x00000005e1ffb808}: java.lang.Object.lambda$and$0(Ljava/util/regex/Pattern$CharPredicate;I)Z> (0x00000005e1ffb808) thrown at [t:/workspace/open/src/hotspot/share/interpreter/linkResolver.cpp, line 741]

Events (10 events):
Event: 0.139 loading class sun/util/locale/provider/DecimalFormatSymbolsProviderImpl done
Event: 0.139 loading class java/text/DecimalFormat
Event: 0.140 loading class java/text/DecimalFormat done
Event: 0.140 loading class java/text/FieldPosition
Event: 0.140 loading class java/text/FieldPosition done
Event: 0.140 loading class java/text/DigitList
Event: 0.140 loading class java/text/DigitList done
Event: 0.140 loading class java/math/RoundingMode
Event: 0.140 loading class java/math/RoundingMode done
Event: 0.140 Executing VM operation: CollectForMetadataAllocation


Dynamic libraries:
0x00007ff7866e0000 - 0x00007ff78671e000 	C:\Program Files\Java\jre-10.0.2\bin\javaw.exe
0x00007ffbe5190000 - 0x00007ffbe5371000 	C:\WINDOWS\SYSTEM32\ntdll.dll
0x00007ffbe2a10000 - 0x00007ffbe2ac2000 	C:\WINDOWS\System32\KERNEL32.DLL
0x00007ffbe1660000 - 0x00007ffbe18d3000 	C:\WINDOWS\System32\KERNELBASE.dll
0x00007ffbe2650000 - 0x00007ffbe26f1000 	C:\WINDOWS\System32\ADVAPI32.dll
0x00007ffbe4cd0000 - 0x00007ffbe4d6e000 	C:\WINDOWS\System32\msvcrt.dll
0x00007ffbe4a40000 - 0x00007ffbe4a9b000 	C:\WINDOWS\System32\sechost.dll
0x00007ffbe4e90000 - 0x00007ffbe4fb4000 	C:\WINDOWS\System32\RPCRT4.dll
0x00007ffbe2880000 - 0x00007ffbe2a10000 	C:\WINDOWS\System32\USER32.dll
0x00007ffbe18e0000 - 0x00007ffbe1900000 	C:\WINDOWS\System32\win32u.dll
0x00007ffbe4ae0000 - 0x00007ffbe4b08000 	C:\WINDOWS\System32\GDI32.dll
0x00007ffbe1900000 - 0x00007ffbe1a92000 	C:\WINDOWS\System32\gdi32full.dll
0x00007ffbe1c90000 - 0x00007ffbe1d2f000 	C:\WINDOWS\System32\msvcp_win.dll
0x00007ffbe1560000 - 0x00007ffbe165a000 	C:\WINDOWS\System32\ucrtbase.dll
0x00007ffbd5c00000 - 0x00007ffbd5e69000 	C:\WINDOWS\WinSxS\amd64_microsoft.windows.common-controls_6595b64144ccf1df_6.0.17134.345_none_fb429a5930656358\COMCTL32.dll
0x00007ffbdadc0000 - 0x00007ffbdadca000 	C:\WINDOWS\SYSTEM32\VERSION.dll
0x00007ffbe4490000 - 0x00007ffbe47b3000 	C:\WINDOWS\System32\combase.dll
0x00007ffbe1de0000 - 0x00007ffbe1e5a000 	C:\WINDOWS\System32\bcryptPrimitives.dll
0x00007ffbe4aa0000 - 0x00007ffbe4acd000 	C:\WINDOWS\System32\IMM32.DLL
0x00007ffbccea0000 - 0x00007ffbccf8f000 	C:\Program Files\Java\jre-10.0.2\bin\msvcr120.dll
0x00007ffbccd70000 - 0x00007ffbcce16000 	C:\Program Files\Java\jre-10.0.2\bin\msvcp120.dll
0x0000000063b80000 - 0x00000000645f0000 	C:\Program Files\Java\jre-10.0.2\bin\server\jvm.dll
0x00007ffbe4ad0000 - 0x00007ffbe4ad8000 	C:\WINDOWS\System32\PSAPI.DLL
0x00007ffbd3040000 - 0x00007ffbd3049000 	C:\WINDOWS\SYSTEM32\WSOCK32.dll
0x00007ffbddc40000 - 0x00007ffbddc63000 	C:\WINDOWS\SYSTEM32\WINMM.dll
0x00007ffbe49d0000 - 0x00007ffbe4a3c000 	C:\WINDOWS\System32\WS2_32.dll
0x00007ffbdd4d0000 - 0x00007ffbdd4fa000 	C:\WINDOWS\SYSTEM32\winmmbase.dll
0x00007ffbe1d90000 - 0x00007ffbe1dd9000 	C:\WINDOWS\System32\cfgmgr32.dll
0x00007ffbde420000 - 0x00007ffbde42f000 	C:\Program Files\Java\jre-10.0.2\bin\verify.dll
0x00007ffbdfeb0000 - 0x00007ffbe0079000 	C:\WINDOWS\SYSTEM32\DBGHELP.DLL
0x00007ffbcfc90000 - 0x00007ffbcfcb9000 	C:\WINDOWS\SYSTEM32\dbgcore.DLL
0x00007ffbdd3a0000 - 0x00007ffbdd3c7000 	C:\Program Files\Java\jre-10.0.2\bin\java.dll
0x00007ffbdcd00000 - 0x00007ffbdcd16000 	C:\Program Files\Java\jre-10.0.2\bin\zip.dll
0x00007ffbde410000 - 0x00007ffbde41a000 	C:\Program Files\Java\jre-10.0.2\bin\jimage.dll
0x00007ffbe2f90000 - 0x00007ffbe43cf000 	C:\WINDOWS\System32\SHELL32.dll
0x00007ffbe47c0000 - 0x00007ffbe4869000 	C:\WINDOWS\System32\shcore.dll
0x00007ffbe1e60000 - 0x00007ffbe256d000 	C:\WINDOWS\System32\windows.storage.dll
0x00007ffbe43d0000 - 0x00007ffbe4421000 	C:\WINDOWS\System32\shlwapi.dll
0x00007ffbe14c0000 - 0x00007ffbe14d1000 	C:\WINDOWS\System32\kernel.appcore.dll
0x00007ffbe14a0000 - 0x00007ffbe14bf000 	C:\WINDOWS\System32\profapi.dll
0x00007ffbe1500000 - 0x00007ffbe154c000 	C:\WINDOWS\System32\powrprof.dll
0x00007ffbe1550000 - 0x00007ffbe155a000 	C:\WINDOWS\System32\FLTLIB.DLL

dbghelp: loaded successfully - version: 4.0.5 - missing functions: none
symbol engine: initialized successfully - sym options: 0x614 - pdb path: .;C:\Program Files\Java\jre-10.0.2\bin;C:\WINDOWS\SYSTEM32;C:\WINDOWS\WinSxS\amd64_microsoft.windows.common-controls_6595b64144ccf1df_6.0.17134.345_none_fb429a5930656358;C:\Program Files\Java\jre-10.0.2\bin\server

VM Arguments:
jvm_args: -Dfile.encoding=Cp1252 
java_command: Runner.CustomerRunner
java_class_path (initial): C:\Users\Student\eclipse-workspace\DECaseStudy\bin;C:\Users\Student\Desktop\jdbc\mysql-connector-java-5.1.47\mysql-connector-java-5.1.47.jar
Launcher Type: SUN_STANDARD

Logging:
Log output configuration:
#0: stdout all=warning uptime,level,tags
#1: stderr all=off uptime,level,tags

Environment Variables:
PATH=C:\app\Student\virtual\product\12.2.0\dbhome_1\bin;C:\Program Files (x86)\Common Files\Oracle\Java\javapath;C:\Program Files (x86)\Intel\Intel(R) Management Engine Components\iCLS\;C:\Program Files\Intel\Intel(R) Management Engine Components\iCLS\;C:\WINDOWS\system32;C:\WINDOWS;C:\WINDOWS\System32\Wbem;C:\WINDOWS\System32\WindowsPowerShell\v1.0\;C:\Program Files (x86)\Intel\Intel(R) Management Engine Components\DAL;C:\Program Files\Intel\Intel(R) Management Engine Components\DAL;C:\Program Files (x86)\Intel\Intel(R) Management Engine Components\IPT;C:\Program Files\Intel\Intel(R) Management Engine Components\IPT;C:\WINDOWS\System32\OpenSSH\;C:\Program Files\PuTTY\;C:\Program Files\Intel\WiFi\bin\;C:\Program Files\Common Files\Intel\WirelessCommon\;C:\Program Files\Java\jdk-10.0.2\bin;C:\Users\Student\AppData\Local\Microsoft\WindowsApps;
USERNAME=Student
OS=Windows_NT
PROCESSOR_IDENTIFIER=Intel64 Family 6 Model 158 Stepping 9, GenuineIntel



---------------  S Y S T E M  ---------------

OS: Windows 10 , 64 bit Build 17134 (10.0.17134.1)

CPU:total 8 (initial active 8) (4 cores per cpu, 2 threads per core) family 6 model 158 stepping 9, cmov, cx8, fxsr, mmx, sse, sse2, sse3, ssse3, sse4.1, sse4.2, popcnt, avx, avx2, aes, clmul, erms, rtm, 3dnowpref, lzcnt, ht, tsc, tscinvbit, bmi1, bmi2, adx, fma

Memory: 4k page, physical 33412696k(19248612k free), swap 48834644k(4276k free)

vm_info: Java HotSpot(TM) 64-Bit Server VM (10.0.2+13) for windows-amd64 JRE (10.0.2+13), built on Jun 28 2018 01:57:56 by "mach5one" with MS VC++ 12.0 (VS2013)

END.
